<?xml version="1.0" encoding="UTF-8"?>
<testng-results skipped="0" failed="0" ignored="0" total="1" passed="1">
  <reporter-output>
  </reporter-output>
  <suite name="Default suite" duration-ms="36917" started-at="2019-09-26T20:36:07 IST" finished-at="2019-09-26T20:36:44 IST">
    <groups>
    </groups>
    <test name="Default test" duration-ms="36917" started-at="2019-09-26T20:36:07 IST" finished-at="2019-09-26T20:36:44 IST">
      <class name="orderitems.OrderBooking">
        <test-method status="PASS" signature="setup()[pri:0, instance:orderitems.OrderBooking@210366b4]" name="setup" is-config="true" duration-ms="13648" started-at="2019-09-26T20:36:07 IST" finished-at="2019-09-26T20:36:21 IST">
          <reporter-output>
          </reporter-output>
        </test-method> <!-- setup -->
        <test-method status="PASS" signature="booking()[pri:0, instance:orderitems.OrderBooking@210366b4]" name="booking" duration-ms="23224" started-at="2019-09-26T20:36:21 IST" finished-at="2019-09-26T20:36:44 IST">
          <reporter-output>
          </reporter-output>
        </test-method> <!-- booking -->
      </class> <!-- orderitems.OrderBooking -->
    </test> <!-- Default test -->
  </suite> <!-- Default suite -->
</testng-results>
